<?xml version="1.0" encoding="UTF-8"?>
<!-- Generated by org.testng.reporters.JUnitReportReporter -->
<testsuite hostname="Annapurna" failures="0" tests="1" name="tests.ReadExcelSampleData" time="0.990" errors="0" timestamp="2024-06-27T10:57:29 IST" skipped="0">
  <testcase classname="tests.ReadExcelSampleData" name="readExcelData" time="0.990"/>
</testsuite> <!-- tests.ReadExcelSampleData -->
