<?xml version="1.0" encoding="UTF-8"?>
<!-- Generated by org.testng.reporters.JUnitReportReporter -->
<testsuite hostname="Annapurna" failures="0" tests="1" name="tests.ReadPropertiesFile" time="0.010" errors="0" timestamp="2024-07-12T12:56:32 IST" skipped="0">
  <testcase classname="tests.ReadPropertiesFile" name="readConfigVariables" time="0.010"/>
</testsuite> <!-- tests.ReadPropertiesFile -->
