<?xml version="1.0" encoding="UTF-8"?>
<!-- Generated by org.testng.reporters.JUnitReportReporter -->
<testsuite hostname="Annapurna" failures="0" tests="1" name="tests.ReadExcelUsingExcelUtil" time="1.271" errors="0" timestamp="2024-06-26T10:52:36 IST" skipped="0">
  <testcase classname="tests.ReadExcelUsingExcelUtil" name="readExcedlData" time="1.271"/>
</testsuite> <!-- tests.ReadExcelUsingExcelUtil -->
